  main.cpp
d:\profiles\njp2424\desktop\physics\level9\physics-sphere-pointofcontact-mastervs2019\sphere_pointofcontact\main.cpp(152): warning C4244: '=': conversion from 'double' to 'T', possible loss of data
          with
          [
              T=float
          ]
d:\profiles\njp2424\desktop\physics\level9\physics-sphere-pointofcontact-mastervs2019\sphere_pointofcontact\main.cpp(153): warning C4244: '=': conversion from 'double' to 'T', possible loss of data
          with
          [
              T=float
          ]
d:\profiles\njp2424\desktop\physics\level9\physics-sphere-pointofcontact-mastervs2019\sphere_pointofcontact\main.cpp(154): warning C4244: '=': conversion from 'double' to 'T', possible loss of data
          with
          [
              T=float
          ]
d:\profiles\njp2424\desktop\physics\level9\physics-sphere-pointofcontact-mastervs2019\sphere_pointofcontact\main.cpp(157): warning C4305: '=': truncation from 'double' to 'T'
          with
          [
              T=float
          ]
d:\profiles\njp2424\desktop\physics\level9\physics-sphere-pointofcontact-mastervs2019\sphere_pointofcontact\main.cpp(160): warning C4244: '=': conversion from 'double' to 'T', possible loss of data
          with
          [
              T=float
          ]
d:\profiles\njp2424\desktop\physics\level9\physics-sphere-pointofcontact-mastervs2019\sphere_pointofcontact\main.cpp(161): warning C4244: '=': conversion from 'double' to 'T', possible loss of data
          with
          [
              T=float
          ]
d:\profiles\njp2424\desktop\physics\level9\physics-sphere-pointofcontact-mastervs2019\sphere_pointofcontact\main.cpp(162): warning C4244: '=': conversion from 'double' to 'T', possible loss of data
          with
          [
              T=float
          ]
d:\profiles\njp2424\desktop\physics\level9\physics-sphere-pointofcontact-mastervs2019\sphere_pointofcontact\main.cpp(165): warning C4305: '=': truncation from 'double' to 'T'
          with
          [
              T=float
          ]
d:\profiles\njp2424\desktop\physics\level9\physics-sphere-pointofcontact-mastervs2019\sphere_pointofcontact\main.cpp(168): warning C4244: '=': conversion from 'double' to 'T', possible loss of data
          with
          [
              T=float
          ]
d:\profiles\njp2424\desktop\physics\level9\physics-sphere-pointofcontact-mastervs2019\sphere_pointofcontact\main.cpp(169): warning C4244: '=': conversion from 'double' to 'T', possible loss of data
          with
          [
              T=float
          ]
d:\profiles\njp2424\desktop\physics\level9\physics-sphere-pointofcontact-mastervs2019\sphere_pointofcontact\main.cpp(170): warning C4244: '=': conversion from 'double' to 'T', possible loss of data
          with
          [
              T=float
          ]
d:\profiles\njp2424\desktop\physics\level9\physics-sphere-pointofcontact-mastervs2019\sphere_pointofcontact\main.cpp(176): warning C4244: '=': conversion from 'double' to 'T', possible loss of data
          with
          [
              T=float
          ]
d:\profiles\njp2424\desktop\physics\level9\physics-sphere-pointofcontact-mastervs2019\sphere_pointofcontact\main.cpp(177): warning C4244: '=': conversion from 'double' to 'T', possible loss of data
          with
          [
              T=float
          ]
d:\profiles\njp2424\desktop\physics\level9\physics-sphere-pointofcontact-mastervs2019\sphere_pointofcontact\main.cpp(178): warning C4244: '=': conversion from 'double' to 'T', possible loss of data
          with
          [
              T=float
          ]
d:\profiles\njp2424\desktop\physics\level9\physics-sphere-pointofcontact-mastervs2019\sphere_pointofcontact\main.cpp(181): warning C4305: '=': truncation from 'double' to 'T'
          with
          [
              T=float
          ]
d:\profiles\njp2424\desktop\physics\level9\physics-sphere-pointofcontact-mastervs2019\sphere_pointofcontact\main.cpp(199): warning C4018: '<': signed/unsigned mismatch
d:\profiles\njp2424\desktop\physics\level9\physics-sphere-pointofcontact-mastervs2019\sphere_pointofcontact\main.cpp(546): warning C4326: return type of 'main' should be 'int' instead of 'void'
  Sphere_PointOfContact.vcxproj -> D:\Profiles\njp2424\Desktop\Physics\level9\physics-sphere-PointOfContact-masterVS2019\Sphere_PointOfContact\Debug\Sphere_PointOfContact.exe
