  main.cpp
d:\profiles\njp2424\desktop\physics\level9\physics-sphere-pointofcontact-mastervs2019\sphere_pointofcontact\main.cpp(152): warning C4244: '=': conversion from 'double' to 'T', possible loss of data
          with
          [
              T=float
          ]
d:\profiles\njp2424\desktop\physics\level9\physics-sphere-pointofcontact-mastervs2019\sphere_pointofcontact\main.cpp(153): warning C4244: '=': conversion from 'double' to 'T', possible loss of data
          with
          [
              T=float
          ]
d:\profiles\njp2424\desktop\physics\level9\physics-sphere-pointofcontact-mastervs2019\sphere_pointofcontact\main.cpp(154): warning C4244: '=': conversion from 'double' to 'T', possible loss of data
          with
          [
              T=float
          ]
d:\profiles\njp2424\desktop\physics\level9\physics-sphere-pointofcontact-mastervs2019\sphere_pointofcontact\main.cpp(157): warning C4305: '=': truncation from 'double' to 'T'
          with
          [
              T=float
          ]
d:\profiles\njp2424\desktop\physics\level9\physics-sphere-pointofcontact-mastervs2019\sphere_pointofcontact\main.cpp(160): warning C4244: '=': conversion from 'double' to 'T', possible loss of data
          with
          [
              T=float
          ]
d:\profiles\njp2424\desktop\physics\level9\physics-sphere-pointofcontact-mastervs2019\sphere_pointofcontact\main.cpp(161): warning C4244: '=': conversion from 'double' to 'T', possible loss of data
          with
          [
              T=float
          ]
d:\profiles\njp2424\desktop\physics\level9\physics-sphere-pointofcontact-mastervs2019\sphere_pointofcontact\main.cpp(162): warning C4244: '=': conversion from 'double' to 'T', possible loss of data
          with
          [
              T=float
          ]
d:\profiles\njp2424\desktop\physics\level9\physics-sphere-pointofcontact-mastervs2019\sphere_pointofcontact\main.cpp(165): warning C4305: '=': truncation from 'double' to 'T'
          with
          [
              T=float
          ]
d:\profiles\njp2424\desktop\physics\level9\physics-sphere-pointofcontact-mastervs2019\sphere_pointofcontact\main.cpp(168): warning C4244: '=': conversion from 'double' to 'T', possible loss of data
          with
          [
              T=float
          ]
d:\profiles\njp2424\desktop\physics\level9\physics-sphere-pointofcontact-mastervs2019\sphere_pointofcontact\main.cpp(169): warning C4244: '=': conversion from 'double' to 'T', possible loss of data
          with
          [
              T=float
          ]
d:\profiles\njp2424\desktop\physics\level9\physics-sphere-pointofcontact-mastervs2019\sphere_pointofcontact\main.cpp(170): warning C4244: '=': conversion from 'double' to 'T', possible loss of data
          with
          [
              T=float
          ]
d:\profiles\njp2424\desktop\physics\level9\physics-sphere-pointofcontact-mastervs2019\sphere_pointofcontact\main.cpp(176): warning C4244: '=': conversion from 'double' to 'T', possible loss of data
          with
          [
              T=float
          ]
d:\profiles\njp2424\desktop\physics\level9\physics-sphere-pointofcontact-mastervs2019\sphere_pointofcontact\main.cpp(177): warning C4244: '=': conversion from 'double' to 'T', possible loss of data
          with
          [
              T=float
          ]
d:\profiles\njp2424\desktop\physics\level9\physics-sphere-pointofcontact-mastervs2019\sphere_pointofcontact\main.cpp(178): warning C4244: '=': conversion from 'double' to 'T', possible loss of data
          with
          [
              T=float
          ]
d:\profiles\njp2424\desktop\physics\level9\physics-sphere-pointofcontact-mastervs2019\sphere_pointofcontact\main.cpp(181): warning C4305: '=': truncation from 'double' to 'T'
          with
          [
              T=float
          ]
d:\profiles\njp2424\desktop\physics\level9\physics-sphere-pointofcontact-mastervs2019\sphere_pointofcontact\main.cpp(197): warning C4267: 'argument': conversion from 'size_t' to 'int', possible loss of data
d:\profiles\njp2424\desktop\physics\level9\physics-sphere-pointofcontact-mastervs2019\sphere_pointofcontact\main.cpp(205): warning C4267: 'argument': conversion from 'size_t' to 'int', possible loss of data
d:\profiles\njp2424\desktop\physics\level9\physics-sphere-pointofcontact-mastervs2019\sphere_pointofcontact\main.cpp(281): warning C4267: 'initializing': conversion from 'size_t' to 'int', possible loss of data
d:\profiles\njp2424\desktop\physics\level9\physics-sphere-pointofcontact-mastervs2019\sphere_pointofcontact\main.cpp(281): warning C4267: 'initializing': conversion from 'size_t' to 'const int', possible loss of data
d:\profiles\njp2424\desktop\physics\level9\physics-sphere-pointofcontact-mastervs2019\sphere_pointofcontact\main.cpp(546): warning C4326: return type of 'main' should be 'int' instead of 'void'
main.obj : error LNK2019: unresolved external symbol __imp_glewInit referenced in function "void __cdecl init(void)" (?init@@YAXXZ)
main.obj : error LNK2019: unresolved external symbol glfwInit referenced in function main
main.obj : error LNK2019: unresolved external symbol glfwTerminate referenced in function main
main.obj : error LNK2019: unresolved external symbol glfwCreateWindow referenced in function main
main.obj : error LNK2019: unresolved external symbol glfwWindowShouldClose referenced in function main
main.obj : error LNK2019: unresolved external symbol glfwPollEvents referenced in function main
main.obj : error LNK2019: unresolved external symbol glfwSetKeyCallback referenced in function main
main.obj : error LNK2019: unresolved external symbol glfwMakeContextCurrent referenced in function main
main.obj : error LNK2019: unresolved external symbol glfwSwapBuffers referenced in function main
main.obj : error LNK2019: unresolved external symbol glfwSwapInterval referenced in function main
main.obj : error LNK2001: unresolved external symbol __imp___glewBindBuffer
main.obj : error LNK2001: unresolved external symbol __imp___glewBufferData
main.obj : error LNK2001: unresolved external symbol __imp___glewGenBuffers
main.obj : error LNK2001: unresolved external symbol __imp___glewAttachShader
main.obj : error LNK2001: unresolved external symbol __imp___glewCompileShader
main.obj : error LNK2001: unresolved external symbol __imp___glewCreateProgram
main.obj : error LNK2001: unresolved external symbol __imp___glewCreateShader
main.obj : error LNK2001: unresolved external symbol __imp___glewDeleteProgram
main.obj : error LNK2001: unresolved external symbol __imp___glewDeleteShader
main.obj : error LNK2001: unresolved external symbol __imp___glewEnableVertexAttribArray
main.obj : error LNK2001: unresolved external symbol __imp___glewGetShaderInfoLog
main.obj : error LNK2001: unresolved external symbol __imp___glewGetShaderiv
main.obj : error LNK2001: unresolved external symbol __imp___glewGetUniformLocation
main.obj : error LNK2001: unresolved external symbol __imp___glewLinkProgram
main.obj : error LNK2001: unresolved external symbol __imp___glewShaderSource
main.obj : error LNK2001: unresolved external symbol __imp___glewUniformMatrix4fv
main.obj : error LNK2001: unresolved external symbol __imp___glewUseProgram
main.obj : error LNK2001: unresolved external symbol __imp___glewVertexAttribPointer
D:\Profiles\njp2424\Desktop\Physics\level9\physics-sphere-PointOfContact-masterVS2019\Sphere_PointOfContact\\..\External Libraries\GLFW\lib-vc2015\glfw3.lib : warning LNK4272: library machine type 'x86' conflicts with target machine type 'x64'
D:\Profiles\njp2424\Desktop\Physics\level9\physics-sphere-PointOfContact-masterVS2019\Sphere_PointOfContact\\..\External Libraries\GLEW\lib\Release\Win32\glew32.lib : warning LNK4272: library machine type 'x86' conflicts with target machine type 'x64'
D:\Profiles\njp2424\Desktop\Physics\level9\physics-sphere-PointOfContact-masterVS2019\Sphere_PointOfContact\\..\External Libraries\FreeImage\Dist\x32\FreeImage.lib : warning LNK4272: library machine type 'x86' conflicts with target machine type 'x64'
D:\Profiles\njp2424\Desktop\Physics\level9\physics-sphere-PointOfContact-masterVS2019\Sphere_PointOfContact\x64\Debug\Sphere_PointOfContact.exe : fatal error LNK1120: 28 unresolved externals
